
/home/runner/work/exp-scales-dei/exp-scales-dei/experiment/simulation/images/js/exp1.js
   26:7   warning  'dropMenu7Step3' is assigned a value but never used  no-unused-vars
   68:7   warning  'arr6Step3' is assigned a value but never used       no-unused-vars
   69:7   warning  'arr7Step3' is assigned a value but never used       no-unused-vars
   70:7   warning  'arr8Step3' is assigned a value but never used       no-unused-vars
   96:44  warning  'evt' is defined but never used                      no-unused-vars
  116:17  warning  'evt' is defined but never used                      no-unused-vars
  155:17  warning  'evt' is defined but never used                      no-unused-vars
  218:17  warning  'evt' is defined but never used                      no-unused-vars
  257:17  warning  'evt' is defined but never used                      no-unused-vars
  276:17  warning  'evt' is defined but never used                      no-unused-vars
  314:17  warning  'evt' is defined but never used                      no-unused-vars

/home/runner/work/exp-scales-dei/exp-scales-dei/experiment/simulation/images/js/exp2.js
   91:7   warning  'arr6Step3' is assigned a value but never used  no-unused-vars
   92:7   warning  'arr7Step3' is assigned a value but never used  no-unused-vars
   93:7   warning  'arr8Step3' is assigned a value but never used  no-unused-vars
  113:43  warning  'evt' is defined but never used                 no-unused-vars
  131:17  warning  'evt' is defined but never used                 no-unused-vars

/home/runner/work/exp-scales-dei/exp-scales-dei/experiment/simulation/images/js/exp3.js
   10:7   warning  'comp2Step3' is assigned a value but never used       no-unused-vars
   23:7   warning  'pencil11Step3' is assigned a value but never used    no-unused-vars
   28:7   warning  'dropMenu4Step3' is assigned a value but never used   no-unused-vars
   33:7   warning  'dropMenu9Step3' is assigned a value but never used   no-unused-vars
   34:7   warning  'dropMenu10Step3' is assigned a value but never used  no-unused-vars
   50:7   warning  'png14Step3' is assigned a value but never used       no-unused-vars
   51:7   warning  'png15Step3' is assigned a value but never used       no-unused-vars
   67:7   warning  'gif13Step3' is assigned a value but never used       no-unused-vars
   68:7   warning  'gif14Step3' is assigned a value but never used       no-unused-vars
   75:7   warning  'trans5Step3' is assigned a value but never used      no-unused-vars
   81:7   warning  'trans11Step3' is assigned a value but never used     no-unused-vars
   82:7   warning  'trans12Step3' is assigned a value but never used     no-unused-vars
   83:7   warning  'trans13Step3' is assigned a value but never used     no-unused-vars
   91:7   warning  'arr6Step3' is assigned a value but never used        no-unused-vars
   92:7   warning  'arr7Step3' is assigned a value but never used        no-unused-vars
   93:7   warning  'arr8Step3' is assigned a value but never used        no-unused-vars
  117:43  warning  'evt' is defined but never used                       no-unused-vars
  137:17  warning  'evt' is defined but never used                       no-unused-vars

/home/runner/work/exp-scales-dei/exp-scales-dei/experiment/simulation/js/exp1.js
   26:7   warning  'dropMenu7Step3' is assigned a value but never used  no-unused-vars
   68:7   warning  'arr6Step3' is assigned a value but never used       no-unused-vars
   69:7   warning  'arr7Step3' is assigned a value but never used       no-unused-vars
   70:7   warning  'arr8Step3' is assigned a value but never used       no-unused-vars
   96:44  warning  'evt' is defined but never used                      no-unused-vars
  116:17  warning  'evt' is defined but never used                      no-unused-vars
  155:17  warning  'evt' is defined but never used                      no-unused-vars
  218:17  warning  'evt' is defined but never used                      no-unused-vars
  257:17  warning  'evt' is defined but never used                      no-unused-vars
  276:17  warning  'evt' is defined but never used                      no-unused-vars
  314:17  warning  'evt' is defined but never used                      no-unused-vars

/home/runner/work/exp-scales-dei/exp-scales-dei/experiment/simulation/js/exp2.js
   91:7   warning  'arr6Step3' is assigned a value but never used  no-unused-vars
   92:7   warning  'arr7Step3' is assigned a value but never used  no-unused-vars
   93:7   warning  'arr8Step3' is assigned a value but never used  no-unused-vars
  113:43  warning  'evt' is defined but never used                 no-unused-vars
  131:17  warning  'evt' is defined but never used                 no-unused-vars

/home/runner/work/exp-scales-dei/exp-scales-dei/experiment/simulation/js/exp3.js
   10:7   warning  'comp2Step3' is assigned a value but never used       no-unused-vars
   23:7   warning  'pencil11Step3' is assigned a value but never used    no-unused-vars
   28:7   warning  'dropMenu4Step3' is assigned a value but never used   no-unused-vars
   33:7   warning  'dropMenu9Step3' is assigned a value but never used   no-unused-vars
   34:7   warning  'dropMenu10Step3' is assigned a value but never used  no-unused-vars
   50:7   warning  'png14Step3' is assigned a value but never used       no-unused-vars
   51:7   warning  'png15Step3' is assigned a value but never used       no-unused-vars
   67:7   warning  'gif13Step3' is assigned a value but never used       no-unused-vars
   68:7   warning  'gif14Step3' is assigned a value but never used       no-unused-vars
   75:7   warning  'trans5Step3' is assigned a value but never used      no-unused-vars
   81:7   warning  'trans11Step3' is assigned a value but never used     no-unused-vars
   82:7   warning  'trans12Step3' is assigned a value but never used     no-unused-vars
   83:7   warning  'trans13Step3' is assigned a value but never used     no-unused-vars
   91:7   warning  'arr6Step3' is assigned a value but never used        no-unused-vars
   92:7   warning  'arr7Step3' is assigned a value but never used        no-unused-vars
   93:7   warning  'arr8Step3' is assigned a value but never used        no-unused-vars
  117:43  warning  'evt' is defined but never used                       no-unused-vars
  137:17  warning  'evt' is defined but never used                       no-unused-vars

✖ 68 problems (0 errors, 68 warnings)

